[2021-04-03 00:26:33] DELETE     116        1617398793 
[2021-04-03 03:08:22] GET        337        1617408501 
[2021-04-03 03:08:22] GET        13         1617408502 
[2021-04-04 06:48:55] GET        9          1617508135 
[2021-04-04 06:48:55] GET        4          1617508135 
[2021-04-04 06:49:06] GET        3          1617508146 
[2021-04-04 06:49:14] GET        162        1617508153 
[2021-04-04 06:49:18] GET        127        1617508158 
[2021-04-04 09:32:06] GET        216        1617517926 
[2021-04-04 09:32:06] GET        7          1617517926 
[2021-04-04 09:32:10] GET        13         1617517930 
[2021-04-04 11:28:14] DELETE     109        1617524894 
[2021-04-04 11:28:55] GET        12         1617524935 
[2021-04-04 11:30:32] GET        284        1617525031 
[2021-04-04 11:30:35] GET        18         1617525035 
[2021-04-04 14:28:32] DELETE     254        1617535712 
[2021-04-04 14:28:48] GET        397        1617535728 
[2021-04-04 14:29:15] POST       45         1617535755 
[2021-04-04 14:29:17] GET        204        1617535757 
[2021-04-04 14:29:34] POST       21         1617535774 
[2021-04-04 14:29:37] GET        183        1617535777 
[2021-04-04 14:29:49] DELETE     34         1617535789 
[2021-04-04 14:29:55] GET        190        1617535795 
